  [4;36;1mSQL (0.001000)[0m   [0;1mselect sqlite_version(*)[0m
  [4;35;1mSQL (0.004000)[0m   [0mCREATE TABLE schema_info (version integer)[0m
  [4;36;1mSQL (0.004000)[0m   [0;1mINSERT INTO schema_info (version) VALUES(0)[0m
  [4;35;1mSQL (0.000000)[0m   [0mSQLite3::SQLException: table schema_info already exists: CREATE TABLE schema_info (version integer)[0m
  [4;36;1mSQL (0.001000)[0m   [0;1mSELECT version FROM schema_info[0m
Migrating to CreatePosts (1)


Processing ApplicationController#index (for 127.0.0.1 at 2010-10-17 20:36:23) [GET]
  Session ID: 72e4bd1929b2da15518e46030f14b7fc
  Parameters: {}


ActionController::RoutingError (No route matches "/post" with {:method=>:get}):
    D:/SS/InstantRails-2.0-win/ruby/lib/ruby/gems/1.8/gems/actionpack-2.0.2/lib/action_controller/routing.rb:1441:in `recognize_path'
    D:/SS/InstantRails-2.0-win/ruby/lib/ruby/gems/1.8/gems/actionpack-2.0.2/lib/action_controller/routing.rb:1424:in `recognize'
    D:/SS/InstantRails-2.0-win/ruby/lib/ruby/gems/1.8/gems/actionpack-2.0.2/lib/action_controller/dispatcher.rb:170:in `handle_request'
    D:/SS/InstantRails-2.0-win/ruby/lib/ruby/gems/1.8/gems/actionpack-2.0.2/lib/action_controller/dispatcher.rb:115:in `dispatch'
    D:/SS/InstantRails-2.0-win/ruby/lib/ruby/gems/1.8/gems/actionpack-2.0.2/lib/action_controller/dispatcher.rb:126:in `dispatch_cgi'
    D:/SS/InstantRails-2.0-win/ruby/lib/ruby/gems/1.8/gems/actionpack-2.0.2/lib/action_controller/dispatcher.rb:9:in `dispatch'
    D:/SS/InstantRails-2.0-win/ruby/lib/ruby/gems/1.8/gems/mongrel-1.1.2-x86-mswin32/bin/../lib/mongrel/rails.rb:76:in `process'
    D:/SS/InstantRails-2.0-win/ruby/lib/ruby/gems/1.8/gems/mongrel-1.1.2-x86-mswin32/bin/../lib/mongrel/rails.rb:74:in `synchronize'
    D:/SS/InstantRails-2.0-win/ruby/lib/ruby/gems/1.8/gems/mongrel-1.1.2-x86-mswin32/bin/../lib/mongrel/rails.rb:74:in `process'
    D:/SS/InstantRails-2.0-win/ruby/lib/ruby/gems/1.8/gems/mongrel-1.1.2-x86-mswin32/lib/mongrel.rb:159:in `process_client'
    D:/SS/InstantRails-2.0-win/ruby/lib/ruby/gems/1.8/gems/mongrel-1.1.2-x86-mswin32/lib/mongrel.rb:158:in `each'
    D:/SS/InstantRails-2.0-win/ruby/lib/ruby/gems/1.8/gems/mongrel-1.1.2-x86-mswin32/lib/mongrel.rb:158:in `process_client'
    D:/SS/InstantRails-2.0-win/ruby/lib/ruby/gems/1.8/gems/mongrel-1.1.2-x86-mswin32/lib/mongrel.rb:285:in `run'
    D:/SS/InstantRails-2.0-win/ruby/lib/ruby/gems/1.8/gems/mongrel-1.1.2-x86-mswin32/lib/mongrel.rb:285:in `initialize'
    D:/SS/InstantRails-2.0-win/ruby/lib/ruby/gems/1.8/gems/mongrel-1.1.2-x86-mswin32/lib/mongrel.rb:285:in `new'
    D:/SS/InstantRails-2.0-win/ruby/lib/ruby/gems/1.8/gems/mongrel-1.1.2-x86-mswin32/lib/mongrel.rb:285:in `run'
    D:/SS/InstantRails-2.0-win/ruby/lib/ruby/gems/1.8/gems/mongrel-1.1.2-x86-mswin32/lib/mongrel.rb:268:in `initialize'
    D:/SS/InstantRails-2.0-win/ruby/lib/ruby/gems/1.8/gems/mongrel-1.1.2-x86-mswin32/lib/mongrel.rb:268:in `new'
    D:/SS/InstantRails-2.0-win/ruby/lib/ruby/gems/1.8/gems/mongrel-1.1.2-x86-mswin32/lib/mongrel.rb:268:in `run'
    D:/SS/InstantRails-2.0-win/ruby/lib/ruby/gems/1.8/gems/mongrel-1.1.2-x86-mswin32/lib/mongrel/configurator.rb:282:in `run'
    D:/SS/InstantRails-2.0-win/ruby/lib/ruby/gems/1.8/gems/mongrel-1.1.2-x86-mswin32/lib/mongrel/configurator.rb:281:in `each'
    D:/SS/InstantRails-2.0-win/ruby/lib/ruby/gems/1.8/gems/mongrel-1.1.2-x86-mswin32/lib/mongrel/configurator.rb:281:in `run'
    D:/SS/InstantRails-2.0-win/ruby/lib/ruby/gems/1.8/gems/mongrel-1.1.2-x86-mswin32/bin/mongrel_rails:128:in `run'
    D:/SS/InstantRails-2.0-win/ruby/lib/ruby/gems/1.8/gems/mongrel-1.1.2-x86-mswin32/lib/mongrel/command.rb:212:in `run'
    D:/SS/InstantRails-2.0-win/ruby/lib/ruby/gems/1.8/gems/mongrel-1.1.2-x86-mswin32/bin/mongrel_rails:281
    D:/SS/InstantRails-2.0-win/ruby/lib/ruby/gems/1.8/gems/activesupport-2.0.2/lib/active_support/dependencies.rb:489:in `load'
    D:/SS/InstantRails-2.0-win/ruby/lib/ruby/gems/1.8/gems/activesupport-2.0.2/lib/active_support/dependencies.rb:489:in `load'
    D:/SS/InstantRails-2.0-win/ruby/lib/ruby/gems/1.8/gems/activesupport-2.0.2/lib/active_support/dependencies.rb:342:in `new_constants_in'
    D:/SS/InstantRails-2.0-win/ruby/lib/ruby/gems/1.8/gems/activesupport-2.0.2/lib/active_support/dependencies.rb:489:in `load'
    D:/SS/InstantRails-2.0-win/ruby/lib/ruby/gems/1.8/gems/rails-2.0.2/lib/commands/servers/mongrel.rb:64
    D:/SS/InstantRails-2.0-win/ruby/lib/ruby/site_ruby/1.8/rubygems/custom_require.rb:27:in `gem_original_require'
    D:/SS/InstantRails-2.0-win/ruby/lib/ruby/site_ruby/1.8/rubygems/custom_require.rb:27:in `require'
    D:/SS/InstantRails-2.0-win/ruby/lib/ruby/gems/1.8/gems/activesupport-2.0.2/lib/active_support/dependencies.rb:496:in `require'
    D:/SS/InstantRails-2.0-win/ruby/lib/ruby/gems/1.8/gems/activesupport-2.0.2/lib/active_support/dependencies.rb:342:in `new_constants_in'
    D:/SS/InstantRails-2.0-win/ruby/lib/ruby/gems/1.8/gems/activesupport-2.0.2/lib/active_support/dependencies.rb:496:in `require'
    D:/SS/InstantRails-2.0-win/ruby/lib/ruby/gems/1.8/gems/rails-2.0.2/lib/commands/server.rb:39
    D:/SS/InstantRails-2.0-win/ruby/lib/ruby/site_ruby/1.8/rubygems/custom_require.rb:27:in `gem_original_require'
    D:/SS/InstantRails-2.0-win/ruby/lib/ruby/site_ruby/1.8/rubygems/custom_require.rb:27:in `require'
    script/server:3

Rendering D:/SS/InstantRails-2.0-win/ruby/lib/ruby/gems/1.8/gems/actionpack-2.0.2/lib/action_controller/templates/rescues/layout.erb (not_found)
